<?xml version="1.0" encoding="UTF-8"?>
<!-- Generated by org.testng.reporters.JUnitReportReporter -->
<testsuite hostname="LAPTOP-G5CSE2DK" failures="0" tests="2" name="WebPage.TestApplication" time="20.486" errors="0" timestamp="2022-06-17T15:07:13 BST" skipped="0">
  <testcase classname="WebPage.TestApplication" name="basePage" time="8.291"/>
  <system-out/>
  <testcase classname="WebPage.TestApplication" name="basePage" time="12.195"/>
  <system-out/>
</testsuite> <!-- WebPage.TestApplication -->
