<?xml version="1.0" encoding="UTF-8"?>
<!-- Generated by org.testng.reporters.JUnitReportReporter -->
<testsuite hostname="LAPTOP-G5CSE2DK" failures="0" tests="1" name="WebPage.MyntraApp" time="10.126" errors="0" timestamp="2022-06-15T15:12:29 BST" skipped="0">
  <testcase classname="WebPage.MyntraApp" name="basePage" time="10.126"/>
  <system-out/>
</testsuite> <!-- WebPage.MyntraApp -->
