<?xml version="1.0" encoding="UTF-8"?>
<!-- Generated by org.testng.reporters.JUnitReportReporter -->
<testsuite hostname="LAPTOP-G5CSE2DK" failures="0" tests="1" name="WebPage.HomePageTest" time="9.942" errors="0" timestamp="2022-06-14T13:46:21 BST" skipped="0">
  <testcase classname="WebPage.HomePageTest" name="basePage" time="9.942"/>
  <system-out/>
</testsuite> <!-- WebPage.HomePageTest -->
