<?xml version="1.0" encoding="UTF-8"?>
<!-- Generated by org.testng.reporters.JUnitReportReporter -->
<testsuite hostname="LAPTOP-G5CSE2DK" failures="0" tests="1" name="WebPage.TestValidation" time="0.099" errors="0" timestamp="2022-06-17T15:07:13 BST" skipped="0">
  <testcase classname="WebPage.TestValidation" name="basePage" time="0.099"/>
  <system-out/>
</testsuite> <!-- WebPage.TestValidation -->
