<?xml version="1.0" encoding="UTF-8"?>
<!-- Generated by org.testng.reporters.JUnitReportReporter -->
<testsuite hostname="LAPTOP-G5CSE2DK" failures="0" tests="2" name="WebPage.ValidationTest" time="0.133" errors="0" timestamp="2022-06-27T10:52:44 BST" skipped="0">
  <testcase classname="WebPage.ValidationTest" name="ValidatePage" time="0.097"/>
  <system-out/>
  <testcase classname="WebPage.ValidationTest" name="ValidatePageFooter" time="0.036"/>
  <system-out/>
</testsuite> <!-- WebPage.ValidationTest -->
